1/17/2022 7:26:24 PM	This log contains information about the import schema operation into project 'ModernyzeDB' on computer 'DESKTOP-9RV66IH' by user 'AJ'.
1/17/2022 7:26:25 PM	Import of database schema has started.
1/17/2022 7:26:27 PM	Gathering logins
1/17/2022 7:27:58 PM	Gathering database credentials
1/17/2022 7:27:58 PM	Gathering database options
1/17/2022 7:27:58 PM	Gathering generic database scoped configuration option
1/17/2022 7:27:58 PM	Gathering users
1/17/2022 7:27:58 PM	Gathering roles
1/17/2022 7:27:58 PM	Gathering application roles
1/17/2022 7:27:58 PM	Gathering role memberships
1/17/2022 7:27:58 PM	Gathering filegroups
1/17/2022 7:27:58 PM	Gathering full-text catalogs
1/17/2022 7:27:58 PM	Gathering assemblies
1/17/2022 7:27:58 PM	Gathering certificates
1/17/2022 7:27:58 PM	Gathering symmetric keys
1/17/2022 7:27:58 PM	Gathering encrypted symmetric keys
1/17/2022 7:27:58 PM	Gathering schemas
1/17/2022 7:27:58 PM	Gathering XML schema collections
1/17/2022 7:27:58 PM	Gathering user-defined data types
1/17/2022 7:27:58 PM	Gathering user-defined types
1/17/2022 7:27:58 PM	Gathering table types
1/17/2022 7:27:58 PM	Gathering unique keys for table types
1/17/2022 7:27:58 PM	Gathering primary keys for table types
1/17/2022 7:27:58 PM	Gathering indexes for table types
1/17/2022 7:27:58 PM	Gathering check constraints for table types
1/17/2022 7:27:58 PM	Gathering default constraints for table types
1/17/2022 7:27:58 PM	Gathering partition functions
1/17/2022 7:27:58 PM	Gathering partition schemes
1/17/2022 7:27:58 PM	Gathering functions
1/17/2022 7:27:58 PM	Gathering encrypted functions
1/17/2022 7:27:58 PM	Gathering aggregates
1/17/2022 7:27:58 PM	Gathering procedures
1/17/2022 7:27:58 PM	Gathering encrypted procedures
1/17/2022 7:27:58 PM	Gathering tables
1/17/2022 7:27:59 PM	Gathering primary keys
1/17/2022 7:27:59 PM	Gathering unique constraints
1/17/2022 7:27:59 PM	Gathering foreign keys
1/17/2022 7:27:59 PM	Gathering default constraints
1/17/2022 7:27:59 PM	Gathering check constraints
1/17/2022 7:27:59 PM	Gathering views
1/17/2022 7:27:59 PM	Gathering encrypted views
1/17/2022 7:27:59 PM	Gathering indexes
1/17/2022 7:27:59 PM	Gathering statistics
1/17/2022 7:27:59 PM	Gathering full-text index stoplists
1/17/2022 7:27:59 PM	Gathering search property lists
1/17/2022 7:27:59 PM	Gathering search properties
1/17/2022 7:27:59 PM	Gathering full-text indexes
1/17/2022 7:27:59 PM	Gathering column store indexes
1/17/2022 7:27:59 PM	Gathering spatial indexes
1/17/2022 7:27:59 PM	Gathering XML indexes
1/17/2022 7:27:59 PM	Gathering Selective XML indexes
1/17/2022 7:27:59 PM	Gathering encrypted triggers
1/17/2022 7:27:59 PM	Gathering triggers
1/17/2022 7:27:59 PM	Gathering encrypted and clr ddl triggers
1/17/2022 7:27:59 PM	Gathering ddl triggers
1/17/2022 7:27:59 PM	Creating edge constraints
1/17/2022 7:27:59 PM	Gathering synonyms
1/17/2022 7:27:59 PM	Gathering defaults
1/17/2022 7:27:59 PM	Gathering data constraint uddt bindings
1/17/2022 7:27:59 PM	Gathering rules
1/17/2022 7:27:59 PM	Gathering data constraint uddt bindings
1/17/2022 7:27:59 PM	Gathering message types
1/17/2022 7:27:59 PM	Gathering queues
1/17/2022 7:27:59 PM	Gathering contracts
1/17/2022 7:27:59 PM	Gathering services
1/17/2022 7:27:59 PM	Gathering event notifications
1/17/2022 7:27:59 PM	Gathering remote service bindings
1/17/2022 7:28:00 PM	Gathering broker priorities
1/17/2022 7:28:00 PM	Gathering signatures
1/17/2022 7:28:00 PM	Gathering data compression options
1/17/2022 7:28:00 PM	Gathering sequence types
1/17/2022 7:28:00 PM	Gathering security policies
1/17/2022 7:28:00 PM	Gather column encryption keys
1/17/2022 7:28:00 PM	Gathering column master keys
1/17/2022 7:28:00 PM	Gathering external data sources
1/17/2022 7:28:00 PM	Gathering external tables
1/17/2022 7:28:00 PM	Gathering extended properties
1/17/2022 7:28:01 PM	Gathering assemblies
1/17/2022 7:28:01 PM	Gathering logins
1/17/2022 7:28:02 PM	Scanning project for duplicate elements
1/17/2022 7:28:04 PM	Finished duplicate element processing
1/17/2022 7:28:04 PM	Finished importing database.
1/17/2022 7:28:04 PM	A summary of the import was saved to the following location: E:\School Work\RIT\SWEN-561\website\Database\ModernyzeDB\Import Schema Logs\ModernyzeDB_20220118122624.log
1/17/2022 7:28:04 PM	Click Finish to continue...
